<?xml version="1.0" encoding="UTF-8"?>
<testsuite xmlns:xsi="http://www.w3.org/2001/XMLSchema-instance" xsi:noNamespaceSchemaLocation="https://maven.apache.org/surefire/maven-surefire-plugin/xsd/surefire-test-report.xsd" version="3.0.2" name="com.aipay.core.service.ChargeServiceTest" time="0.141" tests="2" errors="0" skipped="0" failures="0">
  <properties>
[...]
</properties>
  <testcase name="createCharge_success_returnsChargeWithPendingStatus" classname="com.aipay.core.service.ChargeServiceTest" time="0.136"/>
  <testcase name="createCharge_channelNotConfigured_throwsBizException" classname="com.aipay.core.service.ChargeServiceTest" time="0.004"/>
</testsuite>