<?xml version="1.0" encoding="UTF-8"?>
<testsuite xmlns:xsi="http://www.w3.org/2001/XMLSchema-instance" xsi:noNamespaceSchemaLocation="https://maven.apache.org/surefire/maven-surefire-plugin/xsd/surefire-test-report.xsd" version="3.0.2" name="com.aipay.api.controller.ChargeControllerTest" time="2.221" tests="2" errors="0" skipped="0" failures="0">
  <properties>
[...]
</properties>
  <testcase name="createCharge_withValidApiKey_returns200" classname="com.aipay.api.controller.ChargeControllerTest" time="0.145">
    <system-out><![CDATA[10:01:53.735 [main] INFO org.springframework.test.context.support.AnnotationConfigContextLoaderUtils -- Could not detect default configuration classes for test class [com.aipay.api.controller.ChargeControllerTest]: ChargeControllerTest does not declare any static, non-private, non-final, nested classes annotated with @Configuration.
10:01:53.837 [main] INFO org.springframework.boot.test.context.SpringBootTestContextBootstrapper -- Found @SpringBootConfiguration com.aipay.api.PayApiApplication for test class com.aipay.api.controller.ChargeControllerTest

  .   ____          _            __ _ _
 /\\ / ___'_ __ _ _(_)_ __  __ _ \ \ \ \
( ( )\___ | '_ | '_| | '_ \/ _` | \ \ \ \
 \\/  ___)| |_)| | | | | || (_| |  ) ) ) )
  '  |____| .__|_| |_|_| |_\__, | / / / /
 =========|_|==============|___/=/_/_/_/

 :: Spring Boot ::                (v3.3.5)

2026-05-18T10:01:53.974+08:00  INFO 8780 --- [           main] c.a.api.controller.ChargeControllerTest  : Starting ChargeControllerTest using Java 25.0.2 with PID 8780 (started by solidwang in /Users/solidwang/IdeaProjects/AI-PAY/pay-api)
2026-05-18T10:01:53.975+08:00  INFO 8780 --- [           main] c.a.api.controller.ChargeControllerTest  : No active profile set, falling back to 1 default profile: "default"
2026-05-18T10:01:55.224+08:00  WARN 8780 --- [           main] .s.s.UserDetailsServiceAutoConfiguration : 

Using generated security password: 61013658-397c-4a44-a3ab-1f5c6accd6db

This generated password is for development use only. Your security configuration must be updated before running your application in production.

2026-05-18T10:01:55.268+08:00  INFO 8780 --- [           main] r$InitializeUserDetailsManagerConfigurer : Global AuthenticationManager configured with UserDetailsService bean with name inMemoryUserDetailsManager
2026-05-18T10:01:55.670+08:00  INFO 8780 --- [           main] o.s.b.t.m.w.SpringBootMockServletContext : Initializing Spring TestDispatcherServlet ''
2026-05-18T10:01:55.671+08:00  INFO 8780 --- [           main] o.s.t.web.servlet.TestDispatcherServlet  : Initializing Servlet ''
2026-05-18T10:01:55.671+08:00  INFO 8780 --- [           main] o.s.t.web.servlet.TestDispatcherServlet  : Completed initialization in 0 ms
2026-05-18T10:01:55.688+08:00  INFO 8780 --- [           main] c.a.api.controller.ChargeControllerTest  : Started ChargeControllerTest in 1.82 seconds (process running for 2.505)
]]></system-out>
    <system-err><![CDATA[WARNING: A Java agent has been loaded dynamically (/Users/solidwang/.m2/repository/net/bytebuddy/byte-buddy-agent/1.14.19/byte-buddy-agent-1.14.19.jar)
WARNING: If a serviceability tool is in use, please run with -XX:+EnableDynamicAgentLoading to hide this warning
WARNING: If a serviceability tool is not in use, please run with -Djdk.instrument.traceUsage for more information
WARNING: Dynamic loading of agents will be disallowed by default in a future release
]]></system-err>
  </testcase>
  <testcase name="createCharge_withoutApiKey_returns401" classname="com.aipay.api.controller.ChargeControllerTest" time="0.006"/>
</testsuite>